Starting Production for น้องมะลิจอมพลังแห่งความดี Episode 2
ERROR: Session file not found. Run session_sync.py first.
Starting Production for น้องมะลิจอมพลังแห่งความดี Episode 2
Starting Production for น้องมะลิจอมพลังแห่งความดี Episode 2
Scene 1: Analyzing Flow Home Page...
Starting Production for น้องมะลิจอมพลังแห่งความดี Episode 2
Scene 1: Analyzing Flow Home Page...
Starting Production for น้องมะลิจอมพลังแห่งความดี Episode 2
Scene 1: Analyzing Flow Entry Point...
Starting Production for น้องมะลิจอมพลังแห่งความดี Episode 2
Scene 1: Analyzing Flow Entry Point...
Starting Production for น้องมะลิจอมพลังแห่งความดี Episode 2
Starting Production for น้องมะลิจอมพลังแห่งความดี Episode 2
Scene 1: Analyzing Flow Entry Point...
Entering New Project...
Ready: Prompt canvas detected.
Processing Scene 1 of 10
Generating Image for Scene 1
Animating Video for Scene 1
Generating Thai Soundtrack for Scene 1
Saving assets: น้องมะลิจอมพลังแห่งความดี_Ep2_Scene1
Processing Scene 2 of 10
Generating Image for Scene 2
Animating Video for Scene 2
Generating Thai Soundtrack for Scene 2
Saving assets: น้องมะลิจอมพลังแห่งความดี_Ep2_Scene2
Processing Scene 3 of 10
Generating Image for Scene 3
Animating Video for Scene 3
Generating Thai Soundtrack for Scene 3
Saving assets: น้องมะลิจอมพลังแห่งความดี_Ep2_Scene3
Processing Scene 4 of 10
Generating Image for Scene 4
Animating Video for Scene 4
